f:\visual studio projects\softwarerender\release\vc142.pdb
f:\visual studio projects\softwarerender\release\win32.obj
f:\visual studio projects\softwarerender\release\texture.obj
f:\visual studio projects\softwarerender\release\private.obj
f:\visual studio projects\softwarerender\release\maths.obj
f:\visual studio projects\softwarerender\release\main.obj
f:\visual studio projects\softwarerender\release\image.obj
f:\visual studio projects\softwarerender\release\graphics.obj
f:\visual studio projects\softwarerender\release\model.obj
f:\visual studio projects\softwarerender\release\softwarerender.exe
f:\visual studio projects\softwarerender\release\softwarerender.pdb
f:\visual studio projects\softwarerender\release\softwarerender.ipdb
f:\visual studio projects\softwarerender\release\softwarerender.iobj
f:\visual studio projects\softwarerender\release\softwarerender.tlog\cl.command.1.tlog
f:\visual studio projects\softwarerender\release\softwarerender.tlog\cl.read.1.tlog
f:\visual studio projects\softwarerender\release\softwarerender.tlog\cl.write.1.tlog
f:\visual studio projects\softwarerender\release\softwarerender.tlog\link.command.1.tlog
f:\visual studio projects\softwarerender\release\softwarerender.tlog\link.delete.1.tlog
f:\visual studio projects\softwarerender\release\softwarerender.tlog\link.read.1.tlog
f:\visual studio projects\softwarerender\release\softwarerender.tlog\link.write.1.tlog
f:\visual studio projects\softwarerender\release\softwarerender.tlog\softwarerender.write.1u.tlog
